  rs-dnn.cpp
C:\Program Files (x86)\Intel RealSense SDK 2.0\include\librealsense2\h\rs_option.h(1,1): warning C4819: The file contains a character that cannot be represented in the current code page (950). Save the file in Unicode format to prevent data loss
C:\opencv\build\include\opencv2\calib3d.hpp(1,1): warning C4819: The file contains a character that cannot be represented in the current code page (950). Save the file in Unicode format to prevent data loss
C:\Program Files (x86)\Intel RealSense SDK 2.0\samples\dnn\rs-dnn.cpp(122,57): warning C4244: '=': conversion from 'unsigned __int64' to 'int', possible loss of data
C:\Program Files (x86)\Intel RealSense SDK 2.0\samples\dnn\rs-dnn.cpp(221,35): warning C4553: '==': result of expression not used; did you intend '='?
  dnn.vcxproj -> C:\Program Files (x86)\Intel RealSense SDK 2.0\samples\x64\Debug\dnn.exe
  Copy OpenCV and RealSense SDK shared modules next to the application
  C:\Program Files (x86)\Intel RealSense SDK 2.0\bin\x64\realsense2.dll
  已複製 1 個檔案
  C:\Program Files (x86)\Intel RealSense SDK 2.0\third-party\opencv-3.4\\bin\x64\Debug\opencv_calib3d341d.dll
  C:\Program Files (x86)\Intel RealSense SDK 2.0\third-party\opencv-3.4\\bin\x64\Debug\opencv_core341d.dll
  C:\Program Files (x86)\Intel RealSense SDK 2.0\third-party\opencv-3.4\\bin\x64\Debug\opencv_dnn341d.dll
  C:\Program Files (x86)\Intel RealSense SDK 2.0\third-party\opencv-3.4\\bin\x64\Debug\opencv_features2d341d.dll
  C:\Program Files (x86)\Intel RealSense SDK 2.0\third-party\opencv-3.4\\bin\x64\Debug\opencv_flann341d.dll
  C:\Program Files (x86)\Intel RealSense SDK 2.0\third-party\opencv-3.4\\bin\x64\Debug\opencv_highgui341d.dll
  C:\Program Files (x86)\Intel RealSense SDK 2.0\third-party\opencv-3.4\\bin\x64\Debug\opencv_imgcodecs341d.dll
  C:\Program Files (x86)\Intel RealSense SDK 2.0\third-party\opencv-3.4\\bin\x64\Debug\opencv_imgproc341d.dll
  C:\Program Files (x86)\Intel RealSense SDK 2.0\third-party\opencv-3.4\\bin\x64\Debug\opencv_ml341d.dll
  C:\Program Files (x86)\Intel RealSense SDK 2.0\third-party\opencv-3.4\\bin\x64\Debug\opencv_objdetect341d.dll
  C:\Program Files (x86)\Intel RealSense SDK 2.0\third-party\opencv-3.4\\bin\x64\Debug\opencv_photo341d.dll
  C:\Program Files (x86)\Intel RealSense SDK 2.0\third-party\opencv-3.4\\bin\x64\Debug\opencv_shape341d.dll
  C:\Program Files (x86)\Intel RealSense SDK 2.0\third-party\opencv-3.4\\bin\x64\Debug\opencv_stitching341d.dll
  C:\Program Files (x86)\Intel RealSense SDK 2.0\third-party\opencv-3.4\\bin\x64\Debug\opencv_superres341d.dll
  C:\Program Files (x86)\Intel RealSense SDK 2.0\third-party\opencv-3.4\\bin\x64\Debug\opencv_video341d.dll
  C:\Program Files (x86)\Intel RealSense SDK 2.0\third-party\opencv-3.4\\bin\x64\Debug\opencv_videoio341d.dll
  C:\Program Files (x86)\Intel RealSense SDK 2.0\third-party\opencv-3.4\\bin\x64\Debug\opencv_videostab341d.dll
  已複製 17 個檔案
  C:\Program Files (x86)\Intel RealSense SDK 2.0\third-party\opencv-3.4\\data\MobileNetSSD_deploy.caffemodel
  C:\Program Files (x86)\Intel RealSense SDK 2.0\third-party\opencv-3.4\\data\MobileNetSSD_deploy.prototxt
  已複製 2 個檔案
  C:\Program Files (x86)\Intel RealSense SDK 2.0\third-party\opencv-3.4\\data\MobileNetSSD_deploy.caffemodel
  C:\Program Files (x86)\Intel RealSense SDK 2.0\third-party\opencv-3.4\\data\MobileNetSSD_deploy.prototxt
  已複製 2 個檔案
